<?xml version="1.0" encoding="UTF-8"?>
<!-- Generated by org.testng.reporters.JUnitReportReporter -->
<testsuite skipped="1" hostname="DS-PG020YBA" name="resassured1.Get1" tests="2" failures="0" timestamp="28 Jan 2022 04:23:26 GMT" time="1.426" errors="0">
  <testcase name="delete1" time="1.426" classname="resassured1.Get1"/>
  <testcase name="getmethod" classname="resassured1.Get1">
    <skipped/>
  </testcase> <!-- getmethod -->
</testsuite> <!-- resassured1.Get1 -->
